app/build/intermediates/manifest_merge_blame_file/debug/manifest-merger-blame-debug-report.txt
1<?xml version="1.0" encoding="utf-8"?>
2<manifest xmlns:android="http://schemas.android.com/apk/res/android"
3    package="uni.UNI6331937"
4    android:versionCode="1"
5    android:versionName="1.0" >
6
7    <uses-sdk
8        android:minSdkVersion="25"
8-->src/main/AndroidManifest.xml
9        android:targetSdkVersion="28" />
9-->src/main/AndroidManifest.xml
10
11    <supports-screens
11-->src/main/AndroidManifest.xml:6:5-11:39
12        android:anyDensity="true"
12-->src/main/AndroidManifest.xml:7:9-34
13        android:largeScreens="true"
13-->src/main/AndroidManifest.xml:8:9-36
14        android:normalScreens="true"
14-->src/main/AndroidManifest.xml:9:9-37
15        android:resizeable="true"
15-->src/main/AndroidManifest.xml:10:9-34
16        android:smallScreens="true" />
16-->src/main/AndroidManifest.xml:11:9-36
17
18    <!-- Barcode(二维码)  begin -->
19    <uses-permission android:name="android.permission.CAMERA" />
19-->src/main/AndroidManifest.xml:14:5-65
19-->src/main/AndroidManifest.xml:14:22-62
20    <uses-permission android:name="android.permission.WRITE_EXTERNAL_STORAGE" />
20-->src/main/AndroidManifest.xml:15:5-81
20-->src/main/AndroidManifest.xml:15:22-78
21    <uses-permission android:name="com.sunmi.permission.ELECTRONIC_SCALE" />
21-->src/main/AndroidManifest.xml:16:5-76
21-->src/main/AndroidManifest.xml:16:22-74
22
23    <uses-feature android:name="android.hardware.camera" />
23-->src/main/AndroidManifest.xml:17:5-60
23-->src/main/AndroidManifest.xml:17:19-57
24    <uses-feature android:name="android.hardware.camera.autofocus" />
24-->src/main/AndroidManifest.xml:18:5-70
24-->src/main/AndroidManifest.xml:18:19-67
25
26    <uses-permission android:name="android.permission.VIBRATE" />
26-->src/main/AndroidManifest.xml:20:5-66
26-->src/main/AndroidManifest.xml:20:22-63
27    <uses-permission android:name="android.permission.FLASHLIGHT" />
27-->src/main/AndroidManifest.xml:21:5-69
27-->src/main/AndroidManifest.xml:21:22-66
28    <!-- Barcode(二维码)  end -->
29
30    <uses-permission android:name="android.permission.READ_EXTERNAL_STORAGE" />
30-->src/main/AndroidManifest.xml:24:5-80
30-->src/main/AndroidManifest.xml:24:22-77
31    <uses-permission android:name="android.permission.READ_PHONE_STATE" />
31-->src/main/AndroidManifest.xml:25:5-75
31-->src/main/AndroidManifest.xml:25:22-72
32    <uses-permission android:name="android.permission.RECORD_AUDIO" />
32-->src/main/AndroidManifest.xml:26:5-71
32-->src/main/AndroidManifest.xml:26:22-68
33    <!-- 拉授权码/令牌通常需要联网 -->
34    <uses-permission android:name="android.permission.INTERNET" />
34-->src/main/AndroidManifest.xml:28:5-67
34-->src/main/AndroidManifest.xml:28:22-64
35    <uses-permission android:name="android.permission.ACCESS_NETWORK_STATE" />
35-->src/main/AndroidManifest.xml:29:5-79
35-->src/main/AndroidManifest.xml:29:22-76
36
37    <!-- 适配android 13 图片选择权限 -->
38    <uses-permission android:name="android.permission.READ_MEDIA_IMAGES" />
38-->[lib.5plus.base-release.aar] AndroidManifest.xml:17:5-76
38-->[lib.5plus.base-release.aar] AndroidManifest.xml:17:22-73
39    <uses-permission android:name="android.permission.READ_MEDIA_VIDEO" />
39-->[lib.5plus.base-release.aar] AndroidManifest.xml:18:5-75
39-->[lib.5plus.base-release.aar] AndroidManifest.xml:18:22-72
40    <uses-permission android:name="android.permission.READ_MEDIA_VISUAL_USER_SELECTED" />
40-->[lib.5plus.base-release.aar] AndroidManifest.xml:19:5-90
40-->[lib.5plus.base-release.aar] AndroidManifest.xml:19:22-87
41    <!--
42    <uses-permission
43        android:name="com.android.launcher.permission.UNINSTALL_SHORTCUT" />
44    -->
45    <!-- 华为修改角标需要设置权限 -->
46    <uses-permission android:name="com.huawei.android.launcher.permission.CHANGE_BADGE" /> <!-- vivo 修改角标需要设置权限 -->
46-->[lib.5plus.base-release.aar] AndroidManifest.xml:27:5-91
46-->[lib.5plus.base-release.aar] AndroidManifest.xml:27:22-88
47    <uses-permission android:name="com.vivo.notification.permission.BADGE_ICON" />
47-->[lib.5plus.base-release.aar] AndroidManifest.xml:29:5-83
47-->[lib.5plus.base-release.aar] AndroidManifest.xml:29:22-80
48
49    <queries>
49-->[lib.5plus.base-release.aar] AndroidManifest.xml:31:5-40:15
50        <intent>
50-->[lib.5plus.base-release.aar] AndroidManifest.xml:32:9-34:18
51            <action android:name="android.intent.action.MAIN" />
51-->src/main/AndroidManifest.xml:59:17-68
51-->src/main/AndroidManifest.xml:59:25-66
52        </intent>
53        <intent>
53-->[lib.5plus.base-release.aar] AndroidManifest.xml:35:9-39:18
54            <action android:name="android.intent.action.VIEW" />
54-->src/main/AndroidManifest.xml:48:17-68
54-->src/main/AndroidManifest.xml:48:25-66
55
56            <category android:name="android.intent.category.DEFAULT" />
56-->src/main/AndroidManifest.xml:50:17-75
56-->src/main/AndroidManifest.xml:50:27-73
57        </intent>
58    </queries>
59
60    <uses-permission android:name="com.asus.msa.SupplementaryDID.ACCESS" />
60-->[oaid_sdk_1.0.25.aar] AndroidManifest.xml:13:5-76
60-->[oaid_sdk_1.0.25.aar] AndroidManifest.xml:13:22-73
61    <uses-permission android:name="freemme.permission.msa" />
61-->[oaid_sdk_1.0.25.aar] AndroidManifest.xml:15:5-62
61-->[oaid_sdk_1.0.25.aar] AndroidManifest.xml:15:22-59
62    <uses-permission android:name="android.permission.ACCESS_WIFI_STATE" />
62-->[weex_livepusher-release.aar] AndroidManifest.xml:9:5-76
62-->[weex_livepusher-release.aar] AndroidManifest.xml:9:22-73
63    <uses-permission android:name="android.permission.MODIFY_AUDIO_SETTINGS" />
63-->[weex_livepusher-release.aar] AndroidManifest.xml:13:5-80
63-->[weex_livepusher-release.aar] AndroidManifest.xml:13:22-77
64    <uses-permission android:name="android.permission.BLUETOOTH" />
64-->[weex_livepusher-release.aar] AndroidManifest.xml:14:5-68
64-->[weex_livepusher-release.aar] AndroidManifest.xml:14:22-65
65    <uses-permission android:name="android.permission.FOREGROUND_SERVICE" />
65-->[:uniplugin_sunmiFace] AndroidManifest.xml:11:5-77
65-->[:uniplugin_sunmiFace] AndroidManifest.xml:11:22-74
66    <uses-permission android:name="android.permission.FOREGROUND_SERVICE_CAMERA" />
66-->[:uniplugin_sunmiFace] AndroidManifest.xml:12:5-84
66-->[:uniplugin_sunmiFace] AndroidManifest.xml:12:22-81
67    <uses-permission android:name="android.permission.MANAGE_EXTERNAL_STORAGE" />
67-->[:phiron-sunmiFace] AndroidManifest.xml:12:5-14:40
67-->[:phiron-sunmiFace] AndroidManifest.xml:13:9-66
68
69    <permission
69-->[androidx.core:core:1.9.0] AndroidManifest.xml:22:5-24:47
70        android:name="uni.UNI6331937.DYNAMIC_RECEIVER_NOT_EXPORTED_PERMISSION"
70-->[androidx.core:core:1.9.0] AndroidManifest.xml:23:9-81
71        android:protectionLevel="signature" />
71-->[androidx.core:core:1.9.0] AndroidManifest.xml:24:9-44
72
73    <uses-permission android:name="uni.UNI6331937.DYNAMIC_RECEIVER_NOT_EXPORTED_PERMISSION" />
73-->[androidx.core:core:1.9.0] AndroidManifest.xml:26:5-97
73-->[androidx.core:core:1.9.0] AndroidManifest.xml:26:22-94
74
75    <application
75-->src/main/AndroidManifest.xml:31:5-94:19
76        android:name="io.dcloud.application.DCloudApplication"
76-->src/main/AndroidManifest.xml:32:9-63
77        android:allowClearUserData="true"
77-->src/main/AndroidManifest.xml:33:9-42
78        android:appComponentFactory="androidx.core.app.CoreComponentFactory"
78-->[androidx.core:core:1.9.0] AndroidManifest.xml:28:18-86
79        android:debuggable="true"
80        android:extractNativeLibs="true"
80-->[uniapp-v8-release.aar] AndroidManifest.xml:29:18-50
81        android:icon="@drawable/icon"
81-->src/main/AndroidManifest.xml:34:9-38
82        android:label="@string/app_name"
82-->src/main/AndroidManifest.xml:35:9-41
83        android:largeHeap="true"
83-->src/main/AndroidManifest.xml:36:9-33
84        android:supportsRtl="true"
84-->src/main/AndroidManifest.xml:37:9-35
85        android:usesCleartextTraffic="true" >
85-->[lib.5plus.base-release.aar] AndroidManifest.xml:175:9-44
86
87        <!-- 应用入口 -->
88        <activity
88-->src/main/AndroidManifest.xml:40:9-62:20
89            android:name="io.dcloud.PandoraEntry"
89-->src/main/AndroidManifest.xml:41:13-50
90            android:configChanges="orientation|keyboardHidden|screenSize|mcc|mnc|fontScale"
90-->src/main/AndroidManifest.xml:43:13-92
91            android:hardwareAccelerated="true"
91-->src/main/AndroidManifest.xml:44:13-47
92            android:theme="@style/TranslucentTheme"
92-->src/main/AndroidManifest.xml:42:13-52
93            android:windowSoftInputMode="adjustResize" >
93-->src/main/AndroidManifest.xml:45:13-55
94            <intent-filter>
94-->src/main/AndroidManifest.xml:46:13-52:29
95                <data android:scheme="hbuilder" />
95-->src/main/AndroidManifest.xml:47:17-50
95-->src/main/AndroidManifest.xml:47:23-48
96
97                <action android:name="android.intent.action.VIEW" />
97-->src/main/AndroidManifest.xml:48:17-68
97-->src/main/AndroidManifest.xml:48:25-66
98
99                <category android:name="android.intent.category.DEFAULT" />
99-->src/main/AndroidManifest.xml:50:17-75
99-->src/main/AndroidManifest.xml:50:27-73
100                <category android:name="android.intent.category.BROWSABLE" />
100-->src/main/AndroidManifest.xml:51:17-77
100-->src/main/AndroidManifest.xml:51:27-75
101            </intent-filter>
102            <intent-filter>
102-->src/main/AndroidManifest.xml:53:13-57:29
103                <data android:mimeType="image/*" />
103-->src/main/AndroidManifest.xml:47:17-50
103-->src/main/AndroidManifest.xml:54:23-49
104
105                <action android:name="android.intent.action.SEND" />
105-->src/main/AndroidManifest.xml:55:17-68
105-->src/main/AndroidManifest.xml:55:25-66
106
107                <category android:name="android.intent.category.DEFAULT" />
107-->src/main/AndroidManifest.xml:50:17-75
107-->src/main/AndroidManifest.xml:50:27-73
108            </intent-filter>
109            <intent-filter>
109-->src/main/AndroidManifest.xml:58:13-61:29
110                <action android:name="android.intent.action.MAIN" />
110-->src/main/AndroidManifest.xml:59:17-68
110-->src/main/AndroidManifest.xml:59:25-66
111
112                <category android:name="android.intent.category.LAUNCHER" />
112-->src/main/AndroidManifest.xml:60:17-76
112-->src/main/AndroidManifest.xml:60:27-74
113            </intent-filter>
114        </activity>
115
116        <meta-data
116-->src/main/AndroidManifest.xml:63:9-64:35
117            android:name="dcloud_uninview_background"
117-->src/main/AndroidManifest.xml:63:20-61
118            android:value="true" />
118-->src/main/AndroidManifest.xml:64:13-33
119
120        <activity
120-->src/main/AndroidManifest.xml:66:9-90:20
121            android:name="io.dcloud.PandoraEntryActivity"
121-->src/main/AndroidManifest.xml:67:13-58
122            android:configChanges="orientation|keyboardHidden|screenSize|mcc|mnc|fontScale|keyboard|smallestScreenSize|screenLayout|screenSize|uiMode"
122-->src/main/AndroidManifest.xml:69:13-151
123            android:hardwareAccelerated="true"
123-->src/main/AndroidManifest.xml:70:13-47
124            android:launchMode="singleTask"
124-->src/main/AndroidManifest.xml:68:13-44
125            android:permission="com.miui.securitycenter.permission.AppPermissionsEditor"
125-->src/main/AndroidManifest.xml:71:13-89
126            android:screenOrientation="user"
126-->src/main/AndroidManifest.xml:72:13-45
127            android:theme="@style/DCloudTheme"
127-->src/main/AndroidManifest.xml:73:13-47
128            android:windowSoftInputMode="adjustResize" >
128-->src/main/AndroidManifest.xml:74:13-55
129            <intent-filter>
129-->src/main/AndroidManifest.xml:76:13-89:29
130                <category android:name="android.intent.category.DEFAULT" />
130-->src/main/AndroidManifest.xml:50:17-75
130-->src/main/AndroidManifest.xml:50:27-73
131                <category android:name="android.intent.category.BROWSABLE" />
131-->src/main/AndroidManifest.xml:51:17-77
131-->src/main/AndroidManifest.xml:51:27-75
132
133                <action android:name="android.intent.action.VIEW" />
133-->src/main/AndroidManifest.xml:48:17-68
133-->src/main/AndroidManifest.xml:48:25-66
134
135                <data android:scheme=" " />
135-->src/main/AndroidManifest.xml:47:17-50
135-->src/main/AndroidManifest.xml:47:23-48
136            </intent-filter>
137        </activity>
138
139        <meta-data
139-->src/main/AndroidManifest.xml:91:9-93:64
140            android:name="dcloud_appkey"
140-->src/main/AndroidManifest.xml:92:13-41
141            android:value="4a48f0d82daf910cbe64b58a16c0277c" />
141-->src/main/AndroidManifest.xml:93:13-61
142        <!--
143        <activity
144            android:name="io.dcloud.imagepick.CustomGalleryActivity"
145            android:noHistory="true"
146            android:exported="false"/>
147        -->
148        <activity
148-->[lib.5plus.base-release.aar] AndroidManifest.xml:184:9-190:58
149            android:name="io.dcloud.feature.nativeObj.photoview.PhotoActivity"
149-->[lib.5plus.base-release.aar] AndroidManifest.xml:185:13-79
150            android:configChanges="orientation|keyboardHidden"
150-->[lib.5plus.base-release.aar] AndroidManifest.xml:186:13-63
151            android:exported="false"
151-->[lib.5plus.base-release.aar] AndroidManifest.xml:187:13-37
152            android:noHistory="false"
152-->[lib.5plus.base-release.aar] AndroidManifest.xml:188:13-38
153            android:screenOrientation="behind"
153-->[lib.5plus.base-release.aar] AndroidManifest.xml:189:13-47
154            android:theme="@style/DeviceDefault.Light" />
154-->[lib.5plus.base-release.aar] AndroidManifest.xml:190:13-55
155        <activity
155-->[lib.5plus.base-release.aar] AndroidManifest.xml:191:9-200:58
156            android:name="io.dcloud.WebAppActivity"
156-->[lib.5plus.base-release.aar] AndroidManifest.xml:192:13-52
157            android:configChanges="orientation|keyboard|keyboardHidden|smallestScreenSize|screenLayout|screenSize|mcc|mnc|fontScale|navigation"
157-->[lib.5plus.base-release.aar] AndroidManifest.xml:193:13-144
158            android:hardwareAccelerated="true"
158-->[lib.5plus.base-release.aar] AndroidManifest.xml:194:13-47
159            android:icon="@drawable/dcloud_recent"
159-->[lib.5plus.base-release.aar] AndroidManifest.xml:195:13-51
160            android:label="@string/stream_my"
160-->[lib.5plus.base-release.aar] AndroidManifest.xml:196:13-46
161            android:launchMode="singleTask"
161-->[lib.5plus.base-release.aar] AndroidManifest.xml:197:13-44
162            android:screenOrientation="portrait"
162-->[lib.5plus.base-release.aar] AndroidManifest.xml:198:13-49
163            android:theme="@style/DCloudTheme"
163-->[lib.5plus.base-release.aar] AndroidManifest.xml:199:13-47
164            android:windowSoftInputMode="adjustResize" />
164-->[lib.5plus.base-release.aar] AndroidManifest.xml:200:13-55
165        <activity
165-->[lib.5plus.base-release.aar] AndroidManifest.xml:201:9-205:75
166            android:name="io.dcloud.ProcessMediator"
166-->[lib.5plus.base-release.aar] AndroidManifest.xml:202:13-53
167            android:excludeFromRecents="true"
167-->[lib.5plus.base-release.aar] AndroidManifest.xml:203:13-46
168            android:exported="false"
168-->[lib.5plus.base-release.aar] AndroidManifest.xml:204:13-37
169            android:theme="@android:style/Theme.Translucent.NoTitleBar" />
169-->[lib.5plus.base-release.aar] AndroidManifest.xml:205:13-72
170        <activity
170-->[lib.5plus.base-release.aar] AndroidManifest.xml:206:9-212:20
171            android:name="io.dcloud.WebviewActivity"
171-->[lib.5plus.base-release.aar] AndroidManifest.xml:207:13-53
172            android:exported="false"
172-->[lib.5plus.base-release.aar] AndroidManifest.xml:208:13-37
173            android:screenOrientation="portrait"
173-->[lib.5plus.base-release.aar] AndroidManifest.xml:209:13-49
174            android:theme="@style/ThemeNoTitleBar"
174-->[lib.5plus.base-release.aar] AndroidManifest.xml:210:13-51
175            android:windowSoftInputMode="adjustPan" >
175-->[lib.5plus.base-release.aar] AndroidManifest.xml:211:13-52
176        </activity> <!-- gallery******start -->
177        <activity
177-->[lib.5plus.base-release.aar] AndroidManifest.xml:215:9-220:63
178            android:name="com.dmcbig.mediapicker.PickerActivity"
178-->[lib.5plus.base-release.aar] AndroidManifest.xml:216:13-65
179            android:configChanges="orientation|screenSize"
179-->[lib.5plus.base-release.aar] AndroidManifest.xml:217:13-59
180            android:exported="false"
180-->[lib.5plus.base-release.aar] AndroidManifest.xml:218:13-37
181            android:theme="@style/DeviceDefault.Light"
181-->[lib.5plus.base-release.aar] AndroidManifest.xml:219:13-55
182            android:windowSoftInputMode="stateAlwaysHidden" />
182-->[lib.5plus.base-release.aar] AndroidManifest.xml:220:13-60
183        <activity
183-->[lib.5plus.base-release.aar] AndroidManifest.xml:221:9-226:63
184            android:name="com.dmcbig.mediapicker.PreviewActivity"
184-->[lib.5plus.base-release.aar] AndroidManifest.xml:222:13-66
185            android:configChanges="orientation|screenSize"
185-->[lib.5plus.base-release.aar] AndroidManifest.xml:223:13-59
186            android:exported="false"
186-->[lib.5plus.base-release.aar] AndroidManifest.xml:224:13-37
187            android:theme="@style/DeviceDefault.Light"
187-->[lib.5plus.base-release.aar] AndroidManifest.xml:225:13-55
188            android:windowSoftInputMode="stateAlwaysHidden" /> <!-- gallery******end -->
188-->[lib.5plus.base-release.aar] AndroidManifest.xml:226:13-60
189        <provider
189-->[lib.5plus.base-release.aar] AndroidManifest.xml:229:9-237:20
190            android:name="io.dcloud.common.util.DCloud_FileProvider"
190-->[lib.5plus.base-release.aar] AndroidManifest.xml:230:13-69
191            android:authorities="uni.UNI6331937.dc.fileprovider"
191-->[lib.5plus.base-release.aar] AndroidManifest.xml:231:13-67
192            android:exported="false"
192-->[lib.5plus.base-release.aar] AndroidManifest.xml:232:13-37
193            android:grantUriPermissions="true" >
193-->[lib.5plus.base-release.aar] AndroidManifest.xml:233:13-47
194            <meta-data
194-->[lib.5plus.base-release.aar] AndroidManifest.xml:234:13-236:64
195                android:name="android.support.FILE_PROVIDER_PATHS"
195-->[lib.5plus.base-release.aar] AndroidManifest.xml:235:17-67
196                android:resource="@xml/dcloud_file_provider" />
196-->[lib.5plus.base-release.aar] AndroidManifest.xml:236:17-61
197        </provider>
198        <!--
199            <meta-data
200            android:name="DCLOUD_STREAMAPP_CHANNEL"
201            android:value="io.dcloud.%APPID%|%APPID%|" />
202        -->
203        <meta-data
203-->[lib.5plus.base-release.aar] AndroidManifest.xml:244:9-246:35
204            android:name="android.max_aspect"
204-->[lib.5plus.base-release.aar] AndroidManifest.xml:245:13-46
205            android:value="2.4" />
205-->[lib.5plus.base-release.aar] AndroidManifest.xml:246:13-32
206
207        <activity
207-->[lib.5plus.base-release.aar] AndroidManifest.xml:248:9-253:63
208            android:name="io.dcloud.feature.gallery.imageedit.IMGEditActivity"
208-->[lib.5plus.base-release.aar] AndroidManifest.xml:249:13-79
209            android:configChanges="orientation|keyboardHidden|screenSize"
209-->[lib.5plus.base-release.aar] AndroidManifest.xml:250:13-74
210            android:exported="false"
210-->[lib.5plus.base-release.aar] AndroidManifest.xml:251:13-37
211            android:theme="@style/ImageEditTheme"
211-->[lib.5plus.base-release.aar] AndroidManifest.xml:252:13-50
212            android:windowSoftInputMode="stateAlwaysHidden" /> <!-- 广告相关配置开始 -->
212-->[lib.5plus.base-release.aar] AndroidManifest.xml:253:13-60
213        <activity
213-->[lib.5plus.base-release.aar] AndroidManifest.xml:256:9-261:55
214            android:name="io.dcloud.sdk.activity.WebViewActivity"
214-->[lib.5plus.base-release.aar] AndroidManifest.xml:257:13-66
215            android:exported="false"
215-->[lib.5plus.base-release.aar] AndroidManifest.xml:258:13-37
216            android:screenOrientation="portrait"
216-->[lib.5plus.base-release.aar] AndroidManifest.xml:259:13-49
217            android:theme="@style/ThemeNoTitleBar"
217-->[lib.5plus.base-release.aar] AndroidManifest.xml:260:13-51
218            android:windowSoftInputMode="adjustPan" />
218-->[lib.5plus.base-release.aar] AndroidManifest.xml:261:13-52
219
220        <service
220-->[lib.5plus.base-release.aar] AndroidManifest.xml:263:9-266:72
221            android:name="io.dcloud.sdk.base.service.DownloadService"
221-->[lib.5plus.base-release.aar] AndroidManifest.xml:264:13-70
222            android:exported="false"
222-->[lib.5plus.base-release.aar] AndroidManifest.xml:265:13-37
223            android:permission="android.permission.BIND_JOB_SERVICE" />
223-->[lib.5plus.base-release.aar] AndroidManifest.xml:266:13-69
224
225        <provider
225-->[lib.5plus.base-release.aar] AndroidManifest.xml:268:9-276:20
226            android:name="io.dcloud.sdk.base.service.provider.DCloudAdFileProvider"
226-->[lib.5plus.base-release.aar] AndroidManifest.xml:269:13-84
227            android:authorities="uni.UNI6331937.dc.fileprovider"
227-->[lib.5plus.base-release.aar] AndroidManifest.xml:270:13-67
228            android:exported="false"
228-->[lib.5plus.base-release.aar] AndroidManifest.xml:271:13-37
229            android:grantUriPermissions="true" >
229-->[lib.5plus.base-release.aar] AndroidManifest.xml:272:13-47
230            <meta-data
230-->[lib.5plus.base-release.aar] AndroidManifest.xml:234:13-236:64
231                android:name="android.support.FILE_PROVIDER_PATHS"
231-->[lib.5plus.base-release.aar] AndroidManifest.xml:235:17-67
232                android:resource="@xml/dcloud_gg_file_provider" />
232-->[lib.5plus.base-release.aar] AndroidManifest.xml:236:17-61
233        </provider>
234
235        <receiver
235-->[uniapp-v8-release.aar] AndroidManifest.xml:30:9-34:20
236            android:name="com.taobao.weex.WXGlobalEventReceiver"
236-->[uniapp-v8-release.aar] AndroidManifest.xml:31:13-65
237            android:enabled="true"
237-->[uniapp-v8-release.aar] AndroidManifest.xml:32:13-35
238            android:exported="false" >
238-->[uniapp-v8-release.aar] AndroidManifest.xml:33:13-37
239        </receiver>
240
241        <activity
241-->[:uniplugin_sunmiFace] AndroidManifest.xml:20:9-22:84
242            android:name="com.example.uniplugin_sunmiface.SunmiFaceRecognizeActivity"
242-->[:uniplugin_sunmiFace] AndroidManifest.xml:21:13-86
243            android:theme="@android:style/Theme.DeviceDefault.Light.NoActionBar" />
243-->[:uniplugin_sunmiFace] AndroidManifest.xml:22:13-81
244
245        <service
245-->[:uniplugin_sunmiFace] AndroidManifest.xml:24:9-27:54
246            android:name="com.example.uniplugin_sunmiface.SunmiFaceKeepAliveService"
246-->[:uniplugin_sunmiFace] AndroidManifest.xml:25:13-85
247            android:exported="false"
247-->[:uniplugin_sunmiFace] AndroidManifest.xml:26:13-37
248            android:foregroundServiceType="camera" />
248-->[:uniplugin_sunmiFace] AndroidManifest.xml:27:13-51
249
250        <activity
250-->[:uniplugin_module] AndroidManifest.xml:8:9-10:84
251            android:name="io.dcloud.uniplugin.NativePageActivity"
251-->[:uniplugin_module] AndroidManifest.xml:9:13-66
252            android:theme="@android:style/Theme.DeviceDefault.Light.NoActionBar" />
252-->[:uniplugin_module] AndroidManifest.xml:10:13-81
253    </application>
254
255</manifest>